INFO:logs:mlflow==1.22.0
INFO:logs:Checking Exceptions
INFO:logs:Declaring global variables
INFO:logs:USI: 93b3
INFO:logs:pycaret_globals: {'X_train', 'iterative_imputation_iters_param', 'stratify_param', 'transform_target_param', 'fix_imbalance_param', 'exp_name_log', 'fold_generator', '_gpu_n_jobs_param', 'create_model_container', 'target_param', 'experiment__', 'data_before_preprocess', 'pycaret_globals', 'X', 'n_jobs_param', 'gpu_param', 'y_train', 'X_test', '_ml_usecase', 'fold_groups_param', '_available_plots', 'fix_imbalance_method_param', '_all_metrics', 'display_container', 'USI', 'imputation_classifier', 'transform_target_method_param', 'seed', 'imputation_regressor', 'fold_shuffle_param', '_internal_pipeline', 'master_model_container', 'fold_param', 'fold_groups_param_full', '_all_models_internal', 'html_param', 'prep_pipe', '_all_models', 'y_test', 'log_plots_param', 'y', 'logging_param'}
INFO:logs:Preparing display monitor
INFO:logs:Preparing display monitor
INFO:logs:Importing libraries
INFO:logs:Copying data for preprocessing
INFO:logs:Declaring preprocessing parameters
INFO:logs:Creating preprocessing pipeline
INFO:logs:Preprocessing pipeline created successfully
ERROR:logs:(Process Exit): setup has been interupted with user command 'quit'. setup must rerun.
INFO:logs:Creating global containers
INFO:logs:Internal pipeline: Pipeline(memory=None, steps=[('empty_step', 'passthrough')], verbose=False)
WARNING:logs:Couldn't import xgboost.XGBClassifier
WARNING:logs:Couldn't import catboost.CatBoostClassifier
WARNING:logs:Couldn't import xgboost.XGBClassifier
WARNING:logs:Couldn't import catboost.CatBoostClassifier
INFO:logs:Creating grid variables
INFO:logs:create_model_container: 0
INFO:logs:master_model_container: 0
INFO:logs:display_container: 1
INFO:logs:Pipeline(memory=None,
         steps=[('dtypes',
                 DataTypes_Auto_infer(categorical_features=[],
                                      display_types=True, features_todrop=[],
                                      id_columns=[],
                                      ml_usecase='classification',
                                      numerical_features=[], target='Level_1',
                                      time_features=[])),
                ('imputer',
                 Simple_Imputer(categorical_strategy='not_available',
                                fill_value_categorical=None,
                                fill_value_numerical=None,
                                numeric_stra...
                ('scaling', 'passthrough'), ('P_transform', 'passthrough'),
                ('binn', 'passthrough'), ('rem_outliers', 'passthrough'),
                ('cluster_all', 'passthrough'),
                ('dummy', Dummify(target='Level_1')),
                ('fix_perfect', Remove_100(target='Level_1')),
                ('clean_names', Clean_Colum_Names()),
                ('feature_select', 'passthrough'), ('fix_multi', 'passthrough'),
                ('dfs', 'passthrough'), ('pca', 'passthrough')],
         verbose=False)
INFO:logs:setup() succesfully completed......................................
INFO:logs:Initializing compare_models()
INFO:logs:compare_models(include=None, fold=None, round=4, cross_validation=True, sort=Accuracy, n_select=1, budget_time=None, turbo=True, errors=ignore, fit_kwargs=None, groups=None, probability_threshold=None, verbose=True, display=None, exclude=None)
INFO:logs:Checking exceptions
INFO:logs:Preparing display monitor
INFO:logs:Preparing display monitor
INFO:logs:Initializing Logistic Regression
INFO:logs:Total runtime is 1.8246968587239583e-05 minutes
INFO:logs:SubProcess create_model() called ==================================
INFO:logs:Initializing create_model()
INFO:logs:create_model(estimator=lr, fold=StratifiedKFold(n_splits=10, random_state=None, shuffle=False), round=4, cross_validation=True, predict=True, fit_kwargs={}, groups=None, refit=False, verbose=False, system=False, metrics=None, add_to_model_list=True, probability_threshold=None, display=<pycaret.internal.Display.Display object at 0x7f3ece8e32b0>, kwargs={})
INFO:logs:Checking exceptions
INFO:logs:Importing libraries
INFO:logs:Copying training dataset
INFO:logs:Defining folds
INFO:logs:Declaring metric variables
INFO:logs:Importing untrained model
INFO:logs:Logistic Regression Imported succesfully
INFO:logs:Starting cross validation
INFO:logs:Cross validating with StratifiedKFold(n_splits=10, random_state=None, shuffle=False), n_jobs=-1
INFO:logs:Calculating mean and std
INFO:logs:Creating metrics dataframe
INFO:logs:Uploading results into container
INFO:logs:Uploading model into container now
INFO:logs:create_model_container: 1
INFO:logs:master_model_container: 1
INFO:logs:display_container: 2
INFO:logs:LogisticRegression(C=1.0, class_weight=None, dual=False, fit_intercept=True,
                   intercept_scaling=1, l1_ratio=None, max_iter=1000,
                   multi_class='auto', n_jobs=None, penalty='l2',
                   random_state=247, solver='lbfgs', tol=0.0001, verbose=0,
                   warm_start=False)
INFO:logs:create_model() succesfully completed......................................
INFO:logs:SubProcess create_model() end ==================================
INFO:logs:Creating metrics dataframe
INFO:logs:Initializing K Neighbors Classifier
INFO:logs:Total runtime is 0.05668818553288778 minutes
INFO:logs:SubProcess create_model() called ==================================
INFO:logs:Initializing create_model()
INFO:logs:create_model(estimator=knn, fold=StratifiedKFold(n_splits=10, random_state=None, shuffle=False), round=4, cross_validation=True, predict=True, fit_kwargs={}, groups=None, refit=False, verbose=False, system=False, metrics=None, add_to_model_list=True, probability_threshold=None, display=<pycaret.internal.Display.Display object at 0x7f3ece8e32b0>, kwargs={})
INFO:logs:Checking exceptions
INFO:logs:Importing libraries
INFO:logs:Copying training dataset
INFO:logs:Defining folds
INFO:logs:Declaring metric variables
INFO:logs:Importing untrained model
INFO:logs:K Neighbors Classifier Imported succesfully
INFO:logs:Starting cross validation
INFO:logs:Cross validating with StratifiedKFold(n_splits=10, random_state=None, shuffle=False), n_jobs=-1
INFO:logs:Calculating mean and std
INFO:logs:Creating metrics dataframe
INFO:logs:Uploading results into container
INFO:logs:Uploading model into container now
INFO:logs:create_model_container: 2
INFO:logs:master_model_container: 2
INFO:logs:display_container: 2
INFO:logs:KNeighborsClassifier(algorithm='auto', leaf_size=30, metric='minkowski',
                     metric_params=None, n_jobs=-1, n_neighbors=5, p=2,
                     weights='uniform')
INFO:logs:create_model() succesfully completed......................................
INFO:logs:SubProcess create_model() end ==================================
INFO:logs:Creating metrics dataframe
INFO:logs:Initializing Naive Bayes
INFO:logs:Total runtime is 0.0915330688158671 minutes
INFO:logs:SubProcess create_model() called ==================================
INFO:logs:Initializing create_model()
INFO:logs:create_model(estimator=nb, fold=StratifiedKFold(n_splits=10, random_state=None, shuffle=False), round=4, cross_validation=True, predict=True, fit_kwargs={}, groups=None, refit=False, verbose=False, system=False, metrics=None, add_to_model_list=True, probability_threshold=None, display=<pycaret.internal.Display.Display object at 0x7f3ece8e32b0>, kwargs={})
INFO:logs:Checking exceptions
INFO:logs:Importing libraries
INFO:logs:Copying training dataset
INFO:logs:Defining folds
INFO:logs:Declaring metric variables
INFO:logs:Importing untrained model
INFO:logs:Naive Bayes Imported succesfully
INFO:logs:Starting cross validation
INFO:logs:Cross validating with StratifiedKFold(n_splits=10, random_state=None, shuffle=False), n_jobs=-1
INFO:logs:Calculating mean and std
INFO:logs:Creating metrics dataframe
INFO:logs:Uploading results into container
INFO:logs:Uploading model into container now
INFO:logs:create_model_container: 3
INFO:logs:master_model_container: 3
INFO:logs:display_container: 2
INFO:logs:GaussianNB(priors=None, var_smoothing=1e-09)
INFO:logs:create_model() succesfully completed......................................
INFO:logs:SubProcess create_model() end ==================================
INFO:logs:Creating metrics dataframe
INFO:logs:Initializing Decision Tree Classifier
INFO:logs:Total runtime is 0.09690548578898112 minutes
INFO:logs:SubProcess create_model() called ==================================
INFO:logs:Initializing create_model()
INFO:logs:create_model(estimator=dt, fold=StratifiedKFold(n_splits=10, random_state=None, shuffle=False), round=4, cross_validation=True, predict=True, fit_kwargs={}, groups=None, refit=False, verbose=False, system=False, metrics=None, add_to_model_list=True, probability_threshold=None, display=<pycaret.internal.Display.Display object at 0x7f3ece8e32b0>, kwargs={})
INFO:logs:Checking exceptions
INFO:logs:Importing libraries
INFO:logs:Copying training dataset
INFO:logs:Defining folds
INFO:logs:Declaring metric variables
INFO:logs:Importing untrained model
INFO:logs:Decision Tree Classifier Imported succesfully
INFO:logs:Starting cross validation
INFO:logs:Cross validating with StratifiedKFold(n_splits=10, random_state=None, shuffle=False), n_jobs=-1
INFO:logs:Calculating mean and std
INFO:logs:Creating metrics dataframe
INFO:logs:Uploading results into container
INFO:logs:Uploading model into container now
INFO:logs:create_model_container: 4
INFO:logs:master_model_container: 4
INFO:logs:display_container: 2
INFO:logs:DecisionTreeClassifier(ccp_alpha=0.0, class_weight=None, criterion='gini',
                       max_depth=None, max_features=None, max_leaf_nodes=None,
                       min_impurity_decrease=0.0, min_impurity_split=None,
                       min_samples_leaf=1, min_samples_split=2,
                       min_weight_fraction_leaf=0.0, presort='deprecated',
                       random_state=247, splitter='best')
INFO:logs:create_model() succesfully completed......................................
INFO:logs:SubProcess create_model() end ==================================
INFO:logs:Creating metrics dataframe
INFO:logs:Initializing SVM - Linear Kernel
INFO:logs:Total runtime is 0.10635031859079996 minutes
INFO:logs:SubProcess create_model() called ==================================
INFO:logs:Initializing create_model()
INFO:logs:create_model(estimator=svm, fold=StratifiedKFold(n_splits=10, random_state=None, shuffle=False), round=4, cross_validation=True, predict=True, fit_kwargs={}, groups=None, refit=False, verbose=False, system=False, metrics=None, add_to_model_list=True, probability_threshold=None, display=<pycaret.internal.Display.Display object at 0x7f3ece8e32b0>, kwargs={})
INFO:logs:Checking exceptions
INFO:logs:Importing libraries
INFO:logs:Copying training dataset
INFO:logs:Defining folds
INFO:logs:Declaring metric variables
INFO:logs:Importing untrained model
INFO:logs:SVM - Linear Kernel Imported succesfully
INFO:logs:Starting cross validation
INFO:logs:Cross validating with StratifiedKFold(n_splits=10, random_state=None, shuffle=False), n_jobs=-1
INFO:logs:Calculating mean and std
INFO:logs:Creating metrics dataframe
INFO:logs:Uploading results into container
INFO:logs:Uploading model into container now
INFO:logs:create_model_container: 5
INFO:logs:master_model_container: 5
INFO:logs:display_container: 2
INFO:logs:SGDClassifier(alpha=0.0001, average=False, class_weight=None,
              early_stopping=False, epsilon=0.1, eta0=0.001, fit_intercept=True,
              l1_ratio=0.15, learning_rate='optimal', loss='hinge',
              max_iter=1000, n_iter_no_change=5, n_jobs=-1, penalty='l2',
              power_t=0.5, random_state=247, shuffle=True, tol=0.001,
              validation_fraction=0.1, verbose=0, warm_start=False)
INFO:logs:create_model() succesfully completed......................................
INFO:logs:SubProcess create_model() end ==================================
INFO:logs:Creating metrics dataframe
INFO:logs:Initializing Ridge Classifier
INFO:logs:Total runtime is 0.11303410530090331 minutes
INFO:logs:SubProcess create_model() called ==================================
INFO:logs:Initializing create_model()
INFO:logs:create_model(estimator=ridge, fold=StratifiedKFold(n_splits=10, random_state=None, shuffle=False), round=4, cross_validation=True, predict=True, fit_kwargs={}, groups=None, refit=False, verbose=False, system=False, metrics=None, add_to_model_list=True, probability_threshold=None, display=<pycaret.internal.Display.Display object at 0x7f3ece8e32b0>, kwargs={})
INFO:logs:Checking exceptions
INFO:logs:Importing libraries
INFO:logs:Copying training dataset
INFO:logs:Defining folds
INFO:logs:Declaring metric variables
INFO:logs:Importing untrained model
INFO:logs:Ridge Classifier Imported succesfully
INFO:logs:Starting cross validation
INFO:logs:Cross validating with StratifiedKFold(n_splits=10, random_state=None, shuffle=False), n_jobs=-1
INFO:logs:Calculating mean and std
INFO:logs:Creating metrics dataframe
INFO:logs:Uploading results into container
INFO:logs:Uploading model into container now
INFO:logs:create_model_container: 6
INFO:logs:master_model_container: 6
INFO:logs:display_container: 2
INFO:logs:RidgeClassifier(alpha=1.0, class_weight=None, copy_X=True, fit_intercept=True,
                max_iter=None, normalize=False, random_state=247, solver='auto',
                tol=0.001)
INFO:logs:create_model() succesfully completed......................................
INFO:logs:SubProcess create_model() end ==================================
INFO:logs:Creating metrics dataframe
INFO:logs:Initializing Random Forest Classifier
INFO:logs:Total runtime is 0.11823384364446003 minutes
INFO:logs:SubProcess create_model() called ==================================
INFO:logs:Initializing create_model()
INFO:logs:create_model(estimator=rf, fold=StratifiedKFold(n_splits=10, random_state=None, shuffle=False), round=4, cross_validation=True, predict=True, fit_kwargs={}, groups=None, refit=False, verbose=False, system=False, metrics=None, add_to_model_list=True, probability_threshold=None, display=<pycaret.internal.Display.Display object at 0x7f3ece8e32b0>, kwargs={})
INFO:logs:Checking exceptions
INFO:logs:Importing libraries
INFO:logs:Copying training dataset
INFO:logs:Defining folds
INFO:logs:Declaring metric variables
INFO:logs:Importing untrained model
INFO:logs:Random Forest Classifier Imported succesfully
INFO:logs:Starting cross validation
INFO:logs:Cross validating with StratifiedKFold(n_splits=10, random_state=None, shuffle=False), n_jobs=-1
INFO:logs:Calculating mean and std
INFO:logs:Creating metrics dataframe
INFO:logs:Uploading results into container
INFO:logs:Uploading model into container now
INFO:logs:create_model_container: 7
INFO:logs:master_model_container: 7
INFO:logs:display_container: 2
INFO:logs:RandomForestClassifier(bootstrap=True, ccp_alpha=0.0, class_weight=None,
                       criterion='gini', max_depth=None, max_features='auto',
                       max_leaf_nodes=None, max_samples=None,
                       min_impurity_decrease=0.0, min_impurity_split=None,
                       min_samples_leaf=1, min_samples_split=2,
                       min_weight_fraction_leaf=0.0, n_estimators=100,
                       n_jobs=-1, oob_score=False, random_state=247, verbose=0,
                       warm_start=False)
INFO:logs:create_model() succesfully completed......................................
INFO:logs:SubProcess create_model() end ==================================
INFO:logs:Creating metrics dataframe
INFO:logs:Initializing Quadratic Discriminant Analysis
INFO:logs:Total runtime is 0.18144224882125853 minutes
INFO:logs:SubProcess create_model() called ==================================
INFO:logs:Initializing create_model()
INFO:logs:create_model(estimator=qda, fold=StratifiedKFold(n_splits=10, random_state=None, shuffle=False), round=4, cross_validation=True, predict=True, fit_kwargs={}, groups=None, refit=False, verbose=False, system=False, metrics=None, add_to_model_list=True, probability_threshold=None, display=<pycaret.internal.Display.Display object at 0x7f3ece8e32b0>, kwargs={})
INFO:logs:Checking exceptions
INFO:logs:Importing libraries
INFO:logs:Copying training dataset
INFO:logs:Defining folds
INFO:logs:Declaring metric variables
INFO:logs:Importing untrained model
INFO:logs:Quadratic Discriminant Analysis Imported succesfully
INFO:logs:Starting cross validation
INFO:logs:Cross validating with StratifiedKFold(n_splits=10, random_state=None, shuffle=False), n_jobs=-1
INFO:logs:Calculating mean and std
INFO:logs:Creating metrics dataframe
INFO:logs:Uploading results into container
INFO:logs:Uploading model into container now
INFO:logs:create_model_container: 8
INFO:logs:master_model_container: 8
INFO:logs:display_container: 2
INFO:logs:QuadraticDiscriminantAnalysis(priors=None, reg_param=0.0,
                              store_covariance=False, tol=0.0001)
INFO:logs:create_model() succesfully completed......................................
INFO:logs:SubProcess create_model() end ==================================
INFO:logs:Creating metrics dataframe
INFO:logs:Initializing Ada Boost Classifier
INFO:logs:Total runtime is 0.18653922875722248 minutes
INFO:logs:SubProcess create_model() called ==================================
INFO:logs:Initializing create_model()
INFO:logs:create_model(estimator=ada, fold=StratifiedKFold(n_splits=10, random_state=None, shuffle=False), round=4, cross_validation=True, predict=True, fit_kwargs={}, groups=None, refit=False, verbose=False, system=False, metrics=None, add_to_model_list=True, probability_threshold=None, display=<pycaret.internal.Display.Display object at 0x7f3ece8e32b0>, kwargs={})
INFO:logs:Checking exceptions
INFO:logs:Importing libraries
INFO:logs:Copying training dataset
INFO:logs:Defining folds
INFO:logs:Declaring metric variables
INFO:logs:Importing untrained model
INFO:logs:Ada Boost Classifier Imported succesfully
INFO:logs:Starting cross validation
INFO:logs:Cross validating with StratifiedKFold(n_splits=10, random_state=None, shuffle=False), n_jobs=-1
INFO:logs:Calculating mean and std
INFO:logs:Creating metrics dataframe
INFO:logs:Uploading results into container
INFO:logs:Uploading model into container now
INFO:logs:create_model_container: 9
INFO:logs:master_model_container: 9
INFO:logs:display_container: 2
INFO:logs:AdaBoostClassifier(algorithm='SAMME.R', base_estimator=None, learning_rate=1.0,
                   n_estimators=50, random_state=247)
INFO:logs:create_model() succesfully completed......................................
INFO:logs:SubProcess create_model() end ==================================
INFO:logs:Creating metrics dataframe
INFO:logs:Initializing Gradient Boosting Classifier
INFO:logs:Total runtime is 0.22315953572591146 minutes
INFO:logs:SubProcess create_model() called ==================================
INFO:logs:Initializing create_model()
INFO:logs:create_model(estimator=gbc, fold=StratifiedKFold(n_splits=10, random_state=None, shuffle=False), round=4, cross_validation=True, predict=True, fit_kwargs={}, groups=None, refit=False, verbose=False, system=False, metrics=None, add_to_model_list=True, probability_threshold=None, display=<pycaret.internal.Display.Display object at 0x7f3ece8e32b0>, kwargs={})
INFO:logs:Checking exceptions
INFO:logs:Importing libraries
INFO:logs:Copying training dataset
INFO:logs:Defining folds
INFO:logs:Declaring metric variables
INFO:logs:Importing untrained model
INFO:logs:Gradient Boosting Classifier Imported succesfully
INFO:logs:Starting cross validation
INFO:logs:Cross validating with StratifiedKFold(n_splits=10, random_state=None, shuffle=False), n_jobs=-1
INFO:logs:Calculating mean and std
INFO:logs:Creating metrics dataframe
INFO:logs:Uploading results into container
INFO:logs:Uploading model into container now
INFO:logs:create_model_container: 10
INFO:logs:master_model_container: 10
INFO:logs:display_container: 2
INFO:logs:GradientBoostingClassifier(ccp_alpha=0.0, criterion='friedman_mse', init=None,
                           learning_rate=0.1, loss='deviance', max_depth=3,
                           max_features=None, max_leaf_nodes=None,
                           min_impurity_decrease=0.0, min_impurity_split=None,
                           min_samples_leaf=1, min_samples_split=2,
                           min_weight_fraction_leaf=0.0, n_estimators=100,
                           n_iter_no_change=None, presort='deprecated',
                           random_state=247, subsample=1.0, tol=0.0001,
                           validation_fraction=0.1, verbose=0,
                           warm_start=False)
INFO:logs:create_model() succesfully completed......................................
INFO:logs:SubProcess create_model() end ==================================
INFO:logs:Creating metrics dataframe
INFO:logs:Initializing Linear Discriminant Analysis
INFO:logs:Total runtime is 2.10989328622818 minutes
INFO:logs:SubProcess create_model() called ==================================
INFO:logs:Initializing create_model()
INFO:logs:create_model(estimator=lda, fold=StratifiedKFold(n_splits=10, random_state=None, shuffle=False), round=4, cross_validation=True, predict=True, fit_kwargs={}, groups=None, refit=False, verbose=False, system=False, metrics=None, add_to_model_list=True, probability_threshold=None, display=<pycaret.internal.Display.Display object at 0x7f3ece8e32b0>, kwargs={})
INFO:logs:Checking exceptions
INFO:logs:Importing libraries
INFO:logs:Copying training dataset
INFO:logs:Defining folds
INFO:logs:Declaring metric variables
INFO:logs:Importing untrained model
INFO:logs:Linear Discriminant Analysis Imported succesfully
INFO:logs:Starting cross validation
INFO:logs:Cross validating with StratifiedKFold(n_splits=10, random_state=None, shuffle=False), n_jobs=-1
INFO:logs:Calculating mean and std
INFO:logs:Creating metrics dataframe
INFO:logs:Uploading results into container
INFO:logs:Uploading model into container now
INFO:logs:create_model_container: 11
INFO:logs:master_model_container: 11
INFO:logs:display_container: 2
INFO:logs:LinearDiscriminantAnalysis(n_components=None, priors=None, shrinkage=None,
                           solver='svd', store_covariance=False, tol=0.0001)
INFO:logs:create_model() succesfully completed......................................
INFO:logs:SubProcess create_model() end ==================================
INFO:logs:Creating metrics dataframe
INFO:logs:Initializing Extra Trees Classifier
INFO:logs:Total runtime is 2.1150997440020243 minutes
INFO:logs:SubProcess create_model() called ==================================
INFO:logs:Initializing create_model()
INFO:logs:create_model(estimator=et, fold=StratifiedKFold(n_splits=10, random_state=None, shuffle=False), round=4, cross_validation=True, predict=True, fit_kwargs={}, groups=None, refit=False, verbose=False, system=False, metrics=None, add_to_model_list=True, probability_threshold=None, display=<pycaret.internal.Display.Display object at 0x7f3ece8e32b0>, kwargs={})
INFO:logs:Checking exceptions
INFO:logs:Importing libraries
INFO:logs:Copying training dataset
INFO:logs:Defining folds
INFO:logs:Declaring metric variables
INFO:logs:Importing untrained model
INFO:logs:Extra Trees Classifier Imported succesfully
INFO:logs:Starting cross validation
INFO:logs:Cross validating with StratifiedKFold(n_splits=10, random_state=None, shuffle=False), n_jobs=-1
INFO:logs:Calculating mean and std
INFO:logs:Creating metrics dataframe
INFO:logs:Uploading results into container
INFO:logs:Uploading model into container now
INFO:logs:create_model_container: 12
INFO:logs:master_model_container: 12
INFO:logs:display_container: 2
INFO:logs:ExtraTreesClassifier(bootstrap=False, ccp_alpha=0.0, class_weight=None,
                     criterion='gini', max_depth=None, max_features='auto',
                     max_leaf_nodes=None, max_samples=None,
                     min_impurity_decrease=0.0, min_impurity_split=None,
                     min_samples_leaf=1, min_samples_split=2,
                     min_weight_fraction_leaf=0.0, n_estimators=100, n_jobs=-1,
                     oob_score=False, random_state=247, verbose=0,
                     warm_start=False)
INFO:logs:create_model() succesfully completed......................................
INFO:logs:SubProcess create_model() end ==================================
INFO:logs:Creating metrics dataframe
INFO:logs:Initializing Light Gradient Boosting Machine
INFO:logs:Total runtime is 2.144724917411804 minutes
INFO:logs:SubProcess create_model() called ==================================
INFO:logs:Initializing create_model()
INFO:logs:create_model(estimator=lightgbm, fold=StratifiedKFold(n_splits=10, random_state=None, shuffle=False), round=4, cross_validation=True, predict=True, fit_kwargs={}, groups=None, refit=False, verbose=False, system=False, metrics=None, add_to_model_list=True, probability_threshold=None, display=<pycaret.internal.Display.Display object at 0x7f3ece8e32b0>, kwargs={})
INFO:logs:Checking exceptions
INFO:logs:Importing libraries
INFO:logs:Copying training dataset
INFO:logs:Defining folds
INFO:logs:Declaring metric variables
INFO:logs:Importing untrained model
INFO:logs:Light Gradient Boosting Machine Imported succesfully
INFO:logs:Starting cross validation
INFO:logs:Cross validating with StratifiedKFold(n_splits=10, random_state=None, shuffle=False), n_jobs=-1
INFO:logs:Calculating mean and std
INFO:logs:Creating metrics dataframe
INFO:logs:Uploading results into container
INFO:logs:Uploading model into container now
INFO:logs:create_model_container: 13
INFO:logs:master_model_container: 13
INFO:logs:display_container: 2
INFO:logs:LGBMClassifier(boosting_type='gbdt', class_weight=None, colsample_bytree=1.0,
               importance_type='split', learning_rate=0.1, max_depth=-1,
               min_child_samples=20, min_child_weight=0.001, min_split_gain=0.0,
               n_estimators=100, n_jobs=-1, num_leaves=31, objective=None,
               random_state=247, reg_alpha=0.0, reg_lambda=0.0, silent='warn',
               subsample=1.0, subsample_for_bin=200000, subsample_freq=0)
INFO:logs:create_model() succesfully completed......................................
INFO:logs:SubProcess create_model() end ==================================
INFO:logs:Creating metrics dataframe
INFO:logs:Initializing Dummy Classifier
INFO:logs:Total runtime is 2.3537737369537353 minutes
INFO:logs:SubProcess create_model() called ==================================
INFO:logs:Initializing create_model()
INFO:logs:create_model(estimator=dummy, fold=StratifiedKFold(n_splits=10, random_state=None, shuffle=False), round=4, cross_validation=True, predict=True, fit_kwargs={}, groups=None, refit=False, verbose=False, system=False, metrics=None, add_to_model_list=True, probability_threshold=None, display=<pycaret.internal.Display.Display object at 0x7f3ece8e32b0>, kwargs={})
INFO:logs:Checking exceptions
INFO:logs:Importing libraries
INFO:logs:Copying training dataset
INFO:logs:Defining folds
INFO:logs:Declaring metric variables
INFO:logs:Importing untrained model
INFO:logs:Dummy Classifier Imported succesfully
INFO:logs:Starting cross validation
INFO:logs:Cross validating with StratifiedKFold(n_splits=10, random_state=None, shuffle=False), n_jobs=-1
INFO:logs:Calculating mean and std
INFO:logs:Creating metrics dataframe
INFO:logs:Uploading results into container
INFO:logs:Uploading model into container now
INFO:logs:create_model_container: 14
INFO:logs:master_model_container: 14
INFO:logs:display_container: 2
INFO:logs:DummyClassifier(constant=None, random_state=247, strategy='prior')
INFO:logs:create_model() succesfully completed......................................
INFO:logs:SubProcess create_model() end ==================================
INFO:logs:Creating metrics dataframe
INFO:logs:Initializing create_model()
INFO:logs:create_model(estimator=LGBMClassifier(boosting_type='gbdt', class_weight=None, colsample_bytree=1.0,
               importance_type='split', learning_rate=0.1, max_depth=-1,
               min_child_samples=20, min_child_weight=0.001, min_split_gain=0.0,
               n_estimators=100, n_jobs=-1, num_leaves=31, objective=None,
               random_state=247, reg_alpha=0.0, reg_lambda=0.0, silent='warn',
               subsample=1.0, subsample_for_bin=200000, subsample_freq=0), fold=StratifiedKFold(n_splits=10, random_state=None, shuffle=False), round=4, cross_validation=False, predict=False, fit_kwargs={}, groups=None, refit=True, verbose=False, system=False, metrics=None, add_to_model_list=True, probability_threshold=None, display=None, kwargs={})
INFO:logs:Checking exceptions
INFO:logs:Importing libraries
INFO:logs:Copying training dataset
INFO:logs:Defining folds
INFO:logs:Declaring metric variables
INFO:logs:Importing untrained model
INFO:logs:Declaring custom model
INFO:logs:Light Gradient Boosting Machine Imported succesfully
INFO:logs:Cross validation set to False
INFO:logs:Fitting Model
INFO:logs:LGBMClassifier(boosting_type='gbdt', class_weight=None, colsample_bytree=1.0,
               importance_type='split', learning_rate=0.1, max_depth=-1,
               min_child_samples=20, min_child_weight=0.001, min_split_gain=0.0,
               n_estimators=100, n_jobs=-1, num_leaves=31, objective=None,
               random_state=247, reg_alpha=0.0, reg_lambda=0.0, silent='warn',
               subsample=1.0, subsample_for_bin=200000, subsample_freq=0)
INFO:logs:create_models() succesfully completed......................................
INFO:logs:create_model_container: 14
INFO:logs:master_model_container: 14
INFO:logs:display_container: 2
INFO:logs:LGBMClassifier(boosting_type='gbdt', class_weight=None, colsample_bytree=1.0,
               importance_type='split', learning_rate=0.1, max_depth=-1,
               min_child_samples=20, min_child_weight=0.001, min_split_gain=0.0,
               n_estimators=100, n_jobs=-1, num_leaves=31, objective=None,
               random_state=247, reg_alpha=0.0, reg_lambda=0.0, silent='warn',
               subsample=1.0, subsample_for_bin=200000, subsample_freq=0)
INFO:logs:compare_models() succesfully completed......................................
INFO:logs:Initializing tune_model()
INFO:logs:tune_model(estimator=LGBMClassifier(boosting_type='gbdt', class_weight=None, colsample_bytree=1.0,
               importance_type='split', learning_rate=0.1, max_depth=-1,
               min_child_samples=20, min_child_weight=0.001, min_split_gain=0.0,
               n_estimators=100, n_jobs=-1, num_leaves=31, objective=None,
               random_state=247, reg_alpha=0.0, reg_lambda=0.0, silent='warn',
               subsample=1.0, subsample_for_bin=200000, subsample_freq=0), fold=None, round=4, n_iter=10, custom_grid=None, optimize=Accuracy, custom_scorer=None, search_library=scikit-learn, search_algorithm=None, early_stopping=False, early_stopping_max_iters=10, choose_better=False, fit_kwargs=None, groups=None, return_tuner=False, verbose=True, tuner_verbose=True, display=None, kwargs={})
INFO:logs:Checking exceptions
INFO:logs:Preparing display monitor
INFO:logs:Copying training dataset
INFO:logs:Checking base model
INFO:logs:Base model : Light Gradient Boosting Machine
INFO:logs:Declaring metric variables
INFO:logs:Defining Hyperparameters
INFO:logs:Tuning with n_jobs=-1
INFO:logs:Initializing RandomizedSearchCV
INFO:logs:best_params: {'actual_estimator__reg_lambda': 10, 'actual_estimator__reg_alpha': 0.05, 'actual_estimator__num_leaves': 90, 'actual_estimator__n_estimators': 290, 'actual_estimator__min_split_gain': 0.4, 'actual_estimator__min_child_samples': 61, 'actual_estimator__learning_rate': 0.2, 'actual_estimator__feature_fraction': 0.5, 'actual_estimator__bagging_freq': 7, 'actual_estimator__bagging_fraction': 0.4}
INFO:logs:Hyperparameter search completed
INFO:logs:SubProcess create_model() called ==================================
INFO:logs:Initializing create_model()
INFO:logs:create_model(estimator=LGBMClassifier(boosting_type='gbdt', class_weight=None, colsample_bytree=1.0,
               importance_type='split', learning_rate=0.1, max_depth=-1,
               min_child_samples=20, min_child_weight=0.001, min_split_gain=0.0,
               n_estimators=100, n_jobs=-1, num_leaves=31, objective=None,
               random_state=247, reg_alpha=0.0, reg_lambda=0.0, silent='warn',
               subsample=1.0, subsample_for_bin=200000, subsample_freq=0), fold=StratifiedKFold(n_splits=10, random_state=None, shuffle=False), round=4, cross_validation=True, predict=True, fit_kwargs={}, groups=None, refit=True, verbose=True, system=False, metrics=None, add_to_model_list=True, probability_threshold=None, display=<pycaret.internal.Display.Display object at 0x7f3ec7fda640>, kwargs={'reg_lambda': 10, 'reg_alpha': 0.05, 'num_leaves': 90, 'n_estimators': 290, 'min_split_gain': 0.4, 'min_child_samples': 61, 'learning_rate': 0.2, 'feature_fraction': 0.5, 'bagging_freq': 7, 'bagging_fraction': 0.4})
INFO:logs:Checking exceptions
INFO:logs:Importing libraries
INFO:logs:Copying training dataset
INFO:logs:Defining folds
INFO:logs:Declaring metric variables
INFO:logs:Importing untrained model
INFO:logs:Declaring custom model
INFO:logs:Light Gradient Boosting Machine Imported succesfully
INFO:logs:Starting cross validation
INFO:logs:Cross validating with StratifiedKFold(n_splits=10, random_state=None, shuffle=False), n_jobs=-1
INFO:logs:Calculating mean and std
INFO:logs:Creating metrics dataframe
INFO:logs:Finalizing model
INFO:logs:Uploading results into container
INFO:logs:Uploading model into container now
INFO:logs:create_model_container: 15
INFO:logs:master_model_container: 15
INFO:logs:display_container: 3
INFO:logs:LGBMClassifier(bagging_fraction=0.4, bagging_freq=7, boosting_type='gbdt',
               class_weight=None, colsample_bytree=1.0, feature_fraction=0.5,
               importance_type='split', learning_rate=0.2, max_depth=-1,
               min_child_samples=61, min_child_weight=0.001, min_split_gain=0.4,
               n_estimators=290, n_jobs=-1, num_leaves=90, objective=None,
               random_state=247, reg_alpha=0.05, reg_lambda=10, silent='warn',
               subsample=1.0, subsample_for_bin=200000, subsample_freq=0)
INFO:logs:create_model() succesfully completed......................................
INFO:logs:SubProcess create_model() end ==================================
INFO:logs:create_model_container: 15
INFO:logs:master_model_container: 15
INFO:logs:display_container: 3
INFO:logs:LGBMClassifier(bagging_fraction=0.4, bagging_freq=7, boosting_type='gbdt',
               class_weight=None, colsample_bytree=1.0, feature_fraction=0.5,
               importance_type='split', learning_rate=0.2, max_depth=-1,
               min_child_samples=61, min_child_weight=0.001, min_split_gain=0.4,
               n_estimators=290, n_jobs=-1, num_leaves=90, objective=None,
               random_state=247, reg_alpha=0.05, reg_lambda=10, silent='warn',
               subsample=1.0, subsample_for_bin=200000, subsample_freq=0)
INFO:logs:tune_model() succesfully completed......................................
